{"C:\\Users\\hp\\Downloads\\UI\\places-node\\src\\app.ts": {"path":"C:\\Users\\hp\\Downloads\\UI\\places-node\\src\\app.ts","statementMap":{"0":{"start":{"line":1,"column":0},"end":{"line":1,"column":43}},"1":{"start":{"line":2,"column":0},"end":{"line":2,"column":24}},"2":{"start":{"line":3,"column":0},"end":{"line":3,"column":28}},"3":{"start":{"line":4,"column":0},"end":{"line":4,"column":28}},"4":{"start":{"line":6,"column":0},"end":{"line":6,"column":61}},"5":{"start":{"line":7,"column":0},"end":{"line":7,"column":66}},"6":{"start":{"line":8,"column":0},"end":{"line":8,"column":50}},"7":{"start":{"line":13,"column":25},"end":{"line":54,"column":1}},"8":{"start":{"line":15,"column":23},"end":{"line":15,"column":32}},"9":{"start":{"line":18,"column":2},"end":{"line":18,"column":20}},"10":{"start":{"line":21,"column":2},"end":{"line":28,"column":6}},"11":{"start":{"line":30,"column":2},"end":{"line":30,"column":26}},"12":{"start":{"line":31,"column":2},"end":{"line":31,"column":25}},"13":{"start":{"line":32,"column":2},"end":{"line":32,"column":23}},"14":{"start":{"line":35,"column":2},"end":{"line":35,"column":35}},"15":{"start":{"line":38,"column":2},"end":{"line":40,"column":5}},"16":{"start":{"line":39,"column":4},"end":{"line":39,"column":80}},"17":{"start":{"line":43,"column":2},"end":{"line":48,"column":5}},"18":{"start":{"line":44,"column":4},"end":{"line":47,"column":7}},"19":{"start":{"line":51,"column":2},"end":{"line":51,"column":24}},"20":{"start":{"line":53,"column":2},"end":{"line":53,"column":13}},"21":{"start":{"line":13,"column":13},"end":{"line":13,"column":25}}},"fnMap":{"0":{"name":"(anonymous_1)","decl":{"start":{"line":13,"column":25},"end":{"line":13,"column":37}},"loc":{"start":{"line":13,"column":39},"end":{"line":54,"column":1}}},"1":{"name":"(anonymous_2)","decl":{"start":{"line":38,"column":21},"end":{"line":38,"column":22}},"loc":{"start":{"line":38,"column":34},"end":{"line":40,"column":3}}},"2":{"name":"(anonymous_3)","decl":{"start":{"line":43,"column":10},"end":{"line":43,"column":11}},"loc":{"start":{"line":43,"column":23},"end":{"line":48,"column":3}}}},"branchMap":{},"s":{"0":0,"1":0,"2":0,"3":0,"4":0,"5":0,"6":0,"7":0,"8":0,"9":0,"10":0,"11":0,"12":0,"13":0,"14":0,"15":0,"16":0,"17":0,"18":0,"19":0,"20":0,"21":0},"f":{"0":0,"1":0,"2":0},"b":{}}
,"C:\\Users\\hp\\Downloads\\UI\\places-node\\src\\config\\env.ts": {"path":"C:\\Users\\hp\\Downloads\\UI\\places-node\\src\\config\\env.ts","statementMap":{"0":{"start":{"line":1,"column":0},"end":{"line":1,"column":28}},"1":{"start":{"line":2,"column":0},"end":{"line":2,"column":24}},"2":{"start":{"line":5,"column":0},"end":{"line":5,"column":63}},"3":{"start":{"line":11,"column":13},"end":{"line":22,"column":2}},"4":{"start":{"line":28,"column":27},"end":{"line":32,"column":1}},"5":{"start":{"line":29,"column":2},"end":{"line":31,"column":3}},"6":{"start":{"line":30,"column":4},"end":{"line":30,"column":57}},"7":{"start":{"line":28,"column":13},"end":{"line":28,"column":27}}},"fnMap":{"0":{"name":"(anonymous_1)","decl":{"start":{"line":28,"column":27},"end":{"line":28,"column":36}},"loc":{"start":{"line":28,"column":38},"end":{"line":32,"column":1}}}},"branchMap":{"0":{"loc":{"start":{"line":13,"column":8},"end":{"line":13,"column":32}},"type":"binary-expr","locations":[{"start":{"line":13,"column":8},"end":{"line":13,"column":24}},{"start":{"line":13,"column":28},"end":{"line":13,"column":32}}]},"1":{"loc":{"start":{"line":14,"column":11},"end":{"line":14,"column":48}},"type":"binary-expr","locations":[{"start":{"line":14,"column":11},"end":{"line":14,"column":31}},{"start":{"line":14,"column":35},"end":{"line":14,"column":48}}]},"2":{"loc":{"start":{"line":17,"column":22},"end":{"line":17,"column":61}},"type":"binary-expr","locations":[{"start":{"line":17,"column":22},"end":{"line":17,"column":55}},{"start":{"line":17,"column":59},"end":{"line":17,"column":61}}]},"3":{"loc":{"start":{"line":20,"column":30},"end":{"line":20,"column":73}},"type":"binary-expr","locations":[{"start":{"line":20,"column":30},"end":{"line":20,"column":62}},{"start":{"line":20,"column":66},"end":{"line":20,"column":73}}]},"4":{"loc":{"start":{"line":21,"column":33},"end":{"line":21,"column":77}},"type":"binary-expr","locations":[{"start":{"line":21,"column":33},"end":{"line":21,"column":68}},{"start":{"line":21,"column":72},"end":{"line":21,"column":77}}]},"5":{"loc":{"start":{"line":29,"column":2},"end":{"line":31,"column":3}},"type":"if","locations":[{"start":{"line":29,"column":2},"end":{"line":31,"column":3}}]}},"s":{"0":1,"1":1,"2":1,"3":1,"4":1,"5":0,"6":0,"7":1},"f":{"0":0},"b":{"0":[1,0],"1":[1,0],"2":[1,0],"3":[1,0],"4":[1,0],"5":[0]}}
,"C:\\Users\\hp\\Downloads\\UI\\places-node\\src\\controllers\\places.controller.ts": {"path":"C:\\Users\\hp\\Downloads\\UI\\places-node\\src\\controllers\\places.controller.ts","statementMap":{"0":{"start":{"line":2,"column":0},"end":{"line":2,"column":59}},"1":{"start":{"line":12,"column":4},"end":{"line":12,"column":45}},"2":{"start":{"line":22,"column":4},"end":{"line":41,"column":5}},"3":{"start":{"line":24,"column":24},"end":{"line":24,"column":73}},"4":{"start":{"line":27,"column":6},"end":{"line":27,"column":71}},"5":{"start":{"line":30,"column":26},"end":{"line":30,"column":84}},"6":{"start":{"line":33,"column":6},"end":{"line":33,"column":53}},"7":{"start":{"line":34,"column":6},"end":{"line":34,"column":99}},"8":{"start":{"line":37,"column":6},"end":{"line":37,"column":28}},"9":{"start":{"line":40,"column":6},"end":{"line":40,"column":18}},"10":{"start":{"line":8,"column":0},"end":{"line":8,"column":13}}},"fnMap":{"0":{"name":"(anonymous_0)","decl":{"start":{"line":11,"column":2},"end":{"line":11,"column":null}},"loc":{"start":{"line":11,"column":2},"end":{"line":13,"column":3}}},"1":{"name":"(anonymous_1)","decl":{"start":{"line":21,"column":2},"end":{"line":21,"column":7}},"loc":{"start":{"line":21,"column":68},"end":{"line":42,"column":3}}}},"branchMap":{},"s":{"0":1,"1":2,"2":2,"3":2,"4":2,"5":2,"6":1,"7":1,"8":1,"9":1,"10":1},"f":{"0":2,"1":2},"b":{}}
,"C:\\Users\\hp\\Downloads\\UI\\places-node\\src\\middleware\\error.middleware.ts": {"path":"C:\\Users\\hp\\Downloads\\UI\\places-node\\src\\middleware\\error.middleware.ts","statementMap":{"0":{"start":{"line":8,"column":28},"end":{"line":28,"column":1}},"1":{"start":{"line":14,"column":17},"end":{"line":14,"column":34}},"2":{"start":{"line":15,"column":18},"end":{"line":15,"column":56}},"3":{"start":{"line":17,"column":2},"end":{"line":17,"column":50}},"4":{"start":{"line":18,"column":2},"end":{"line":20,"column":3}},"5":{"start":{"line":19,"column":4},"end":{"line":19,"column":29}},"6":{"start":{"line":22,"column":39},"end":{"line":25,"column":4}},"7":{"start":{"line":27,"column":2},"end":{"line":27,"column":41}},"8":{"start":{"line":8,"column":13},"end":{"line":8,"column":28}}},"fnMap":{"0":{"name":"(anonymous_0)","decl":{"start":{"line":8,"column":28},"end":{"line":8,"column":null}},"loc":{"start":{"line":13,"column":10},"end":{"line":28,"column":1}}}},"branchMap":{"0":{"loc":{"start":{"line":14,"column":17},"end":{"line":14,"column":34}},"type":"binary-expr","locations":[{"start":{"line":14,"column":17},"end":{"line":14,"column":27}},{"start":{"line":14,"column":31},"end":{"line":14,"column":34}}]},"1":{"loc":{"start":{"line":15,"column":18},"end":{"line":15,"column":56}},"type":"binary-expr","locations":[{"start":{"line":15,"column":18},"end":{"line":15,"column":29}},{"start":{"line":15,"column":33},"end":{"line":15,"column":56}}]},"2":{"loc":{"start":{"line":18,"column":2},"end":{"line":20,"column":3}},"type":"if","locations":[{"start":{"line":18,"column":2},"end":{"line":20,"column":3}}]}},"s":{"0":0,"1":0,"2":0,"3":0,"4":0,"5":0,"6":0,"7":0,"8":0},"f":{"0":0},"b":{"0":[0,0],"1":[0,0],"2":[0]}}
,"C:\\Users\\hp\\Downloads\\UI\\places-node\\src\\middleware\\rateLimiter.middleware.ts": {"path":"C:\\Users\\hp\\Downloads\\UI\\places-node\\src\\middleware\\rateLimiter.middleware.ts","statementMap":{"0":{"start":{"line":1,"column":0},"end":{"line":1,"column":43}},"1":{"start":{"line":2,"column":0},"end":{"line":2,"column":36}},"2":{"start":{"line":8,"column":13},"end":{"line":17,"column":3}}},"fnMap":{},"branchMap":{},"s":{"0":0,"1":0,"2":0},"f":{},"b":{}}
,"C:\\Users\\hp\\Downloads\\UI\\places-node\\src\\middleware\\validation.middleware.ts": {"path":"C:\\Users\\hp\\Downloads\\UI\\places-node\\src\\middleware\\validation.middleware.ts","statementMap":{"0":{"start":{"line":8,"column":34},"end":{"line":25,"column":1}},"1":{"start":{"line":9,"column":2},"end":{"line":24,"column":4}},"2":{"start":{"line":10,"column":4},"end":{"line":14,"column":5}},"3":{"start":{"line":11,"column":25},"end":{"line":11,"column":80}},"4":{"start":{"line":12,"column":6},"end":{"line":12,"column":25}},"5":{"start":{"line":13,"column":6},"end":{"line":13,"column":25}},"6":{"start":{"line":17,"column":4},"end":{"line":21,"column":5}},"7":{"start":{"line":18,"column":25},"end":{"line":18,"column":78}},"8":{"start":{"line":19,"column":6},"end":{"line":19,"column":25}},"9":{"start":{"line":20,"column":6},"end":{"line":20,"column":25}},"10":{"start":{"line":23,"column":4},"end":{"line":23,"column":11}},"11":{"start":{"line":8,"column":13},"end":{"line":8,"column":34}}},"fnMap":{"0":{"name":"(anonymous_0)","decl":{"start":{"line":8,"column":34},"end":{"line":8,"column":35}},"loc":{"start":{"line":8,"column":52},"end":{"line":25,"column":1}}},"1":{"name":"(anonymous_1)","decl":{"start":{"line":9,"column":9},"end":{"line":9,"column":10}},"loc":{"start":{"line":9,"column":67},"end":{"line":24,"column":3}}}},"branchMap":{"0":{"loc":{"start":{"line":10,"column":4},"end":{"line":14,"column":5}},"type":"if","locations":[{"start":{"line":10,"column":4},"end":{"line":14,"column":5}}]},"1":{"loc":{"start":{"line":17,"column":4},"end":{"line":21,"column":5}},"type":"if","locations":[{"start":{"line":17,"column":4},"end":{"line":21,"column":5}}]}},"s":{"0":1,"1":3,"2":3,"3":2,"4":2,"5":2,"6":1,"7":0,"8":0,"9":0,"10":1,"11":1},"f":{"0":3,"1":3},"b":{"0":[2],"1":[0]}}
,"C:\\Users\\hp\\Downloads\\UI\\places-node\\src\\routes\\places.routes.ts": {"path":"C:\\Users\\hp\\Downloads\\UI\\places-node\\src\\routes\\places.routes.ts","statementMap":{"0":{"start":{"line":1,"column":0},"end":{"line":1,"column":33}},"1":{"start":{"line":2,"column":0},"end":{"line":2,"column":68}},"2":{"start":{"line":3,"column":0},"end":{"line":3,"column":73}},"3":{"start":{"line":6,"column":15},"end":{"line":6,"column":23}},"4":{"start":{"line":9,"column":25},"end":{"line":9,"column":47}},"5":{"start":{"line":17,"column":0},"end":{"line":21,"column":2}},"6":{"start":{"line":20,"column":22},"end":{"line":20,"column":67}},"7":{"start":{"line":23,"column":0},"end":{"line":23,"column":22}}},"fnMap":{"0":{"name":"(anonymous_0)","decl":{"start":{"line":20,"column":2},"end":{"line":20,"column":3}},"loc":{"start":{"line":20,"column":22},"end":{"line":20,"column":67}}}},"branchMap":{},"s":{"0":0,"1":0,"2":0,"3":0,"4":0,"5":0,"6":0,"7":0},"f":{"0":0},"b":{}}
,"C:\\Users\\hp\\Downloads\\UI\\places-node\\src\\services\\places.service.ts": {"path":"C:\\Users\\hp\\Downloads\\UI\\places-node\\src\\services\\places.service.ts","statementMap":{"0":{"start":{"line":1,"column":0},"end":{"line":1,"column":26}},"1":{"start":{"line":2,"column":0},"end":{"line":2,"column":36}},"2":{"start":{"line":9,"column":19},"end":{"line":9,"column":74}},"3":{"start":{"line":13,"column":4},"end":{"line":13,"column":41}},"4":{"start":{"line":22,"column":4},"end":{"line":53,"column":5}},"5":{"start":{"line":24,"column":27},"end":{"line":24,"column":52}},"6":{"start":{"line":27,"column":18},"end":{"line":27,"column":94}},"7":{"start":{"line":30,"column":23},"end":{"line":35,"column":8}},"8":{"start":{"line":38,"column":6},"end":{"line":42,"column":7}},"9":{"start":{"line":39,"column":27},"end":{"line":39,"column":119}},"10":{"start":{"line":40,"column":8},"end":{"line":40,"column":27}},"11":{"start":{"line":41,"column":8},"end":{"line":41,"column":20}},"12":{"start":{"line":44,"column":6},"end":{"line":44,"column":27}},"13":{"start":{"line":46,"column":6},"end":{"line":51,"column":7}},"14":{"start":{"line":47,"column":29},"end":{"line":47,"column":81}},"15":{"start":{"line":48,"column":33},"end":{"line":48,"column":103}},"16":{"start":{"line":49,"column":8},"end":{"line":49,"column":59}},"17":{"start":{"line":50,"column":8},"end":{"line":50,"column":26}},"18":{"start":{"line":52,"column":6},"end":{"line":52,"column":18}},"19":{"start":{"line":8,"column":0},"end":{"line":8,"column":13}}},"fnMap":{"0":{"name":"(anonymous_1)","decl":{"start":{"line":12,"column":2},"end":{"line":12,"column":null}},"loc":{"start":{"line":12,"column":2},"end":{"line":14,"column":3}}},"1":{"name":"(anonymous_2)","decl":{"start":{"line":21,"column":2},"end":{"line":21,"column":7}},"loc":{"start":{"line":21,"column":48},"end":{"line":54,"column":3}}}},"branchMap":{"0":{"loc":{"start":{"line":38,"column":6},"end":{"line":42,"column":7}},"type":"if","locations":[{"start":{"line":38,"column":6},"end":{"line":42,"column":7}}]},"1":{"loc":{"start":{"line":38,"column":10},"end":{"line":38,"column":82}},"type":"binary-expr","locations":[{"start":{"line":38,"column":10},"end":{"line":38,"column":39}},{"start":{"line":38,"column":43},"end":{"line":38,"column":82}}]},"2":{"loc":{"start":{"line":39,"column":37},"end":{"line":39,"column":118}},"type":"binary-expr","locations":[{"start":{"line":39,"column":37},"end":{"line":39,"column":64}},{"start":{"line":39,"column":68},"end":{"line":39,"column":118}}]},"3":{"loc":{"start":{"line":46,"column":6},"end":{"line":51,"column":7}},"type":"if","locations":[{"start":{"line":46,"column":6},"end":{"line":51,"column":7}}]},"4":{"loc":{"start":{"line":47,"column":29},"end":{"line":47,"column":81}},"type":"binary-expr","locations":[{"start":{"line":47,"column":29},"end":{"line":47,"column":64}},{"start":{"line":47,"column":68},"end":{"line":47,"column":81}}]},"5":{"loc":{"start":{"line":47,"column":29},"end":{"line":47,"column":64}},"type":"cond-expr","locations":[{"start":{"line":47,"column":49},"end":{"line":47,"column":51}},{"start":{"line":47,"column":49},"end":{"line":47,"column":64}}]},"6":{"loc":{"start":{"line":47,"column":29},"end":{"line":47,"column":51}},"type":"binary-expr","locations":[{"start":{"line":47,"column":29},"end":{"line":47,"column":51}},{"start":{"line":47,"column":49},"end":{"line":47,"column":51}}]},"7":{"loc":{"start":{"line":47,"column":29},"end":{"line":47,"column":49}},"type":"cond-expr","locations":[{"start":{"line":47,"column":43},"end":{"line":47,"column":45}},{"start":{"line":47,"column":43},"end":{"line":47,"column":49}}]},"8":{"loc":{"start":{"line":47,"column":29},"end":{"line":47,"column":45}},"type":"binary-expr","locations":[{"start":{"line":47,"column":29},"end":{"line":47,"column":45}},{"start":{"line":47,"column":43},"end":{"line":47,"column":45}}]},"9":{"loc":{"start":{"line":49,"column":29},"end":{"line":49,"column":58}},"type":"binary-expr","locations":[{"start":{"line":49,"column":29},"end":{"line":49,"column":51}},{"start":{"line":49,"column":55},"end":{"line":49,"column":58}}]},"10":{"loc":{"start":{"line":49,"column":29},"end":{"line":49,"column":51}},"type":"cond-expr","locations":[{"start":{"line":49,"column":43},"end":{"line":49,"column":45}},{"start":{"line":49,"column":43},"end":{"line":49,"column":51}}]},"11":{"loc":{"start":{"line":49,"column":29},"end":{"line":49,"column":45}},"type":"binary-expr","locations":[{"start":{"line":49,"column":29},"end":{"line":49,"column":45}},{"start":{"line":49,"column":43},"end":{"line":49,"column":45}}]}},"s":{"0":2,"1":2,"2":3,"3":3,"4":3,"5":3,"6":3,"7":3,"8":2,"9":1,"10":1,"11":1,"12":1,"13":2,"14":0,"15":0,"16":0,"17":0,"18":2,"19":2},"f":{"0":3,"1":3},"b":{"0":[1],"1":[2,1],"2":[1,0],"3":[0],"4":[0,0],"5":[0,0],"6":[0,0],"7":[0,0],"8":[0,0],"9":[0,0],"10":[0,0],"11":[0,0]}}
}
